<?xml version="1.0" encoding="UTF-8"?>
<!-- Generated by org.testng.reporters.JUnitReportReporter -->
<testsuite hostname="INLEN8520069919" failures="0" tests="6" name="com.cg.runner.TestRunner" time="408.364" errors="0" timestamp="2022-04-04T16:12:49 IST" skipped="0">
  <testcase classname="com.cg.runner.TestRunner" name="runScenario" time="67.894"/>
  <system-out/>
  <testcase classname="com.cg.runner.TestRunner" name="runScenario" time="68.999"/>
  <system-out/>
  <testcase classname="com.cg.runner.TestRunner" name="runScenario" time="67.397"/>
  <system-out/>
  <testcase classname="com.cg.runner.TestRunner" name="runScenario" time="67.791"/>
  <system-out/>
  <testcase classname="com.cg.runner.TestRunner" name="runScenario" time="68.830"/>
  <system-out/>
  <testcase classname="com.cg.runner.TestRunner" name="runScenario" time="67.453"/>
  <system-out/>
</testsuite> <!-- com.cg.runner.TestRunner -->
