<?xml version="1.0" encoding="UTF-8"?>
<!-- Generated by org.testng.reporters.JUnitReportReporter -->
<testsuite hostname="INLEN8520069919" failures="0" tests="11" name="com.cg.runner.TestNgRunner" time="312.169" errors="0" timestamp="2022-04-14T12:08:13 IST" skipped="0">
  <testcase classname="com.cg.runner.TestNgRunner" name="runScenario" time="24.196"/>
  <system-out/>
  <testcase classname="com.cg.runner.TestNgRunner" name="runScenario" time="30.312"/>
  <system-out/>
  <testcase classname="com.cg.runner.TestNgRunner" name="runScenario" time="30.293"/>
  <system-out/>
  <testcase classname="com.cg.runner.TestNgRunner" name="runScenario" time="30.803"/>
  <system-out/>
  <testcase classname="com.cg.runner.TestNgRunner" name="runScenario" time="24.330"/>
  <system-out/>
  <testcase classname="com.cg.runner.TestNgRunner" name="runScenario" time="30.096"/>
  <system-out/>
  <testcase classname="com.cg.runner.TestNgRunner" name="runScenario" time="29.072"/>
  <system-out/>
  <testcase classname="com.cg.runner.TestNgRunner" name="runScenario" time="29.735"/>
  <system-out/>
  <testcase classname="com.cg.runner.TestNgRunner" name="runScenario" time="24.682"/>
  <system-out/>
  <testcase classname="com.cg.runner.TestNgRunner" name="runScenario" time="29.064"/>
  <system-out/>
  <testcase classname="com.cg.runner.TestNgRunner" name="runScenario" time="29.586"/>
  <system-out/>
</testsuite> <!-- com.cg.runner.TestNgRunner -->
